<?xml version="1.0" encoding="UTF-8"?>
<VtJUnitSynonymTable>
<num>0</num>
<maxnum>1000</maxnum>
<size>54016</size>
<version>0</version>
</VtJUnitSynonymTable>
